2018-12-21 11:09:47 - Starting SmartDashboardApplication on LAPTOP-083FN7VV with PID 12772 (C:\dodo_nath\smart-dashboard\target\classes started by Dodo Nath in C:\dodo_nath\smart-dashboard)
2018-12-21 11:09:47 - Running with Spring Boot v2.1.1.RELEASE, Spring v5.1.3.RELEASE
2018-12-21 11:09:47 - No active profile set, falling back to default profiles: default
2018-12-21 11:10:05 - Started SmartDashboardApplication in 18.416 seconds (JVM running for 19.47)
2018-12-21 11:36:07 - Starting SmartDashboardApplication on LAPTOP-083FN7VV with PID 8520 (C:\dodo_nath\smart-dashboard\target\classes started by Dodo Nath in C:\dodo_nath\smart-dashboard)
2018-12-21 11:36:07 - Running with Spring Boot v2.1.1.RELEASE, Spring v5.1.3.RELEASE
2018-12-21 11:36:07 - No active profile set, falling back to default profiles: default
2018-12-21 11:36:17 - Started SmartDashboardApplication in 10.003 seconds (JVM running for 10.921)
2018-12-21 11:36:36 - com.synthesis.migration.smartdashboard.controller.DashBoardController persistsAllData...entering
2018-12-21 11:36:36 - com.synthesis.migration.smartdashboard.service.impl.DashBoardServiceImpl persistsAllData...entering
2018-12-21 11:36:37 - com.synthesis.migration.smartdashboard.dao.csrdb.CsrRepositoryImpl getCount...entering
2018-12-21 11:36:37 - com.synthesis.migration.smartdashboard.dao.csrdb.CsrRepositoryImpl getCount...exiting
2018-12-21 11:36:37 - com.synthesis.migration.smartdashboard.dao.omniadb.OmniaRepositoryImpl getCount...entering
2018-12-21 11:36:37 - com.synthesis.migration.smartdashboard.dao.omniadb.OmniaRepositoryImpl getCount...exiting
2018-12-21 11:36:37 - com.synthesis.migration.smartdashboard.dao.rbmdb.RbmRepositoryImpl getCount...entering
2018-12-21 11:36:37 - com.synthesis.migration.smartdashboard.dao.rbmdb.RbmRepositoryImpl getCount...exiting
2018-12-21 11:36:37 - com.synthesis.migration.smartdashboard.dao.csrdb.CsrRepositoryImpl getCount...entering
2018-12-21 11:36:37 - com.synthesis.migration.smartdashboard.dao.csrdb.CsrRepositoryImpl getCount...exiting
2018-12-21 11:36:37 - com.synthesis.migration.smartdashboard.dao.omniadb.OmniaRepositoryImpl getCount...entering
2018-12-21 11:36:37 - com.synthesis.migration.smartdashboard.dao.omniadb.OmniaRepositoryImpl getCount...exiting
2018-12-21 11:36:37 - com.synthesis.migration.smartdashboard.dao.rbmdb.RbmRepositoryImpl getCount...entering
2018-12-21 11:36:37 - com.synthesis.migration.smartdashboard.dao.rbmdb.RbmRepositoryImpl getCount...exiting
2018-12-21 11:36:37 - com.synthesis.migration.smartdashboard.service.impl.DashBoardServiceImpl persistsAllData...exiting
2018-12-21 11:36:37 - com.synthesis.migration.smartdashboard.controller.DashBoardController persistsAllData...exiting
2018-12-21 15:17:53 - Starting SmartDashboardApplication on LAPTOP-083FN7VV with PID 17484 (C:\dodo_nath\smart-dashboard\target\classes started by Dodo Nath in C:\dodo_nath\smart-dashboard)
2018-12-21 15:17:53 - Running with Spring Boot v2.1.1.RELEASE, Spring v5.1.3.RELEASE
2018-12-21 15:17:53 - No active profile set, falling back to default profiles: default
2018-12-21 15:20:57 - Starting SmartDashboardApplication on LAPTOP-083FN7VV with PID 1684 (C:\dodo_nath\smart-dashboard\target\classes started by Dodo Nath in C:\dodo_nath\smart-dashboard)
2018-12-21 15:20:57 - Running with Spring Boot v2.1.1.RELEASE, Spring v5.1.3.RELEASE
2018-12-21 15:20:57 - No active profile set, falling back to default profiles: default
2018-12-21 15:58:53 - Starting SmartDashboardApplication on LAPTOP-083FN7VV with PID 9520 (C:\dodo_nath\smart-dashboard\target\classes started by Dodo Nath in C:\dodo_nath\smart-dashboard)
2018-12-21 15:58:53 - Running with Spring Boot v2.1.1.RELEASE, Spring v5.1.3.RELEASE
2018-12-21 15:58:53 - No active profile set, falling back to default profiles: default
2018-12-21 15:59:43 - Starting SmartDashboardApplication on LAPTOP-083FN7VV with PID 4964 (C:\dodo_nath\smart-dashboard\target\classes started by Dodo Nath in C:\dodo_nath\smart-dashboard)
2018-12-21 15:59:43 - Running with Spring Boot v2.1.1.RELEASE, Spring v5.1.3.RELEASE
2018-12-21 15:59:43 - No active profile set, falling back to default profiles: default
2018-12-21 16:00:55 - Starting SmartDashboardApplication on LAPTOP-083FN7VV with PID 16068 (C:\dodo_nath\smart-dashboard\target\classes started by Dodo Nath in C:\dodo_nath\smart-dashboard)
2018-12-21 16:00:55 - Running with Spring Boot v2.1.1.RELEASE, Spring v5.1.3.RELEASE
2018-12-21 16:00:55 - No active profile set, falling back to default profiles: default
2018-12-21 16:12:46 - Starting SmartDashboardApplication on LAPTOP-083FN7VV with PID 7632 (C:\dodo_nath\smart-dashboard\target\classes started by Dodo Nath in C:\dodo_nath\smart-dashboard)
2018-12-21 16:12:46 - Running with Spring Boot v2.1.1.RELEASE, Spring v5.1.3.RELEASE
2018-12-21 16:12:46 - No active profile set, falling back to default profiles: default
2018-12-21 16:12:56 - Started SmartDashboardApplication in 10.305 seconds (JVM running for 11.504)
2018-12-21 16:13:50 - Starting SmartDashboardApplication on LAPTOP-083FN7VV with PID 7632 (C:\dodo_nath\smart-dashboard\target\classes started by Dodo Nath in C:\dodo_nath\smart-dashboard)
2018-12-21 16:13:50 - Running with Spring Boot v2.1.1.RELEASE, Spring v5.1.3.RELEASE
2018-12-21 16:13:50 - No active profile set, falling back to default profiles: default
2018-12-21 16:18:54 - Starting SmartDashboardApplication on LAPTOP-083FN7VV with PID 8120 (C:\dodo_nath\smart-dashboard\target\classes started by Dodo Nath in C:\dodo_nath\smart-dashboard)
2018-12-21 16:18:54 - Running with Spring Boot v2.1.1.RELEASE, Spring v5.1.3.RELEASE
2018-12-21 16:18:54 - No active profile set, falling back to default profiles: default
2018-12-21 16:28:47 - Starting SmartDashboardApplication on LAPTOP-083FN7VV with PID 11728 (C:\dodo_nath\smart-dashboard\target\classes started by Dodo Nath in C:\dodo_nath\smart-dashboard)
2018-12-21 16:28:47 - Running with Spring Boot v2.1.1.RELEASE, Spring v5.1.3.RELEASE
2018-12-21 16:28:47 - No active profile set, falling back to default profiles: default
2018-12-21 16:32:09 - Starting SmartDashboardApplication on LAPTOP-083FN7VV with PID 17364 (C:\dodo_nath\smart-dashboard\target\classes started by Dodo Nath in C:\dodo_nath\smart-dashboard)
2018-12-21 16:32:09 - Running with Spring Boot v2.1.1.RELEASE, Spring v5.1.3.RELEASE
2018-12-21 16:32:09 - No active profile set, falling back to default profiles: default
2018-12-21 16:33:40 - Starting SmartDashboardApplication on LAPTOP-083FN7VV with PID 3820 (C:\dodo_nath\smart-dashboard\target\classes started by Dodo Nath in C:\dodo_nath\smart-dashboard)
2018-12-21 16:33:40 - Running with Spring Boot v2.1.1.RELEASE, Spring v5.1.3.RELEASE
2018-12-21 16:33:40 - No active profile set, falling back to default profiles: default
2018-12-21 16:35:27 - Starting SmartDashboardApplication on LAPTOP-083FN7VV with PID 13404 (C:\dodo_nath\smart-dashboard\target\classes started by Dodo Nath in C:\dodo_nath\smart-dashboard)
2018-12-21 16:35:27 - Running with Spring Boot v2.1.1.RELEASE, Spring v5.1.3.RELEASE
2018-12-21 16:35:27 - No active profile set, falling back to default profiles: default
2018-12-21 16:37:02 - Starting SmartDashboardApplication on LAPTOP-083FN7VV with PID 15736 (C:\dodo_nath\smart-dashboard\target\classes started by Dodo Nath in C:\dodo_nath\smart-dashboard)
2018-12-21 16:37:02 - Running with Spring Boot v2.1.1.RELEASE, Spring v5.1.3.RELEASE
2018-12-21 16:37:02 - No active profile set, falling back to default profiles: default
2018-12-21 16:37:39 - Starting SmartDashboardApplication on LAPTOP-083FN7VV with PID 7912 (C:\dodo_nath\smart-dashboard\target\classes started by Dodo Nath in C:\dodo_nath\smart-dashboard)
2018-12-21 16:37:39 - Running with Spring Boot v2.1.1.RELEASE, Spring v5.1.3.RELEASE
2018-12-21 16:37:39 - No active profile set, falling back to default profiles: default
2018-12-21 16:37:51 - Started SmartDashboardApplication in 12.186 seconds (JVM running for 13.088)
2018-12-21 16:38:54 - Starting SmartDashboardApplication on LAPTOP-083FN7VV with PID 7912 (C:\dodo_nath\smart-dashboard\target\classes started by Dodo Nath in C:\dodo_nath\smart-dashboard)
2018-12-21 16:38:54 - Running with Spring Boot v2.1.1.RELEASE, Spring v5.1.3.RELEASE
2018-12-21 16:38:54 - No active profile set, falling back to default profiles: default
2018-12-21 16:39:34 - Starting SmartDashboardApplication on LAPTOP-083FN7VV with PID 14696 (C:\dodo_nath\smart-dashboard\target\classes started by Dodo Nath in C:\dodo_nath\smart-dashboard)
2018-12-21 16:39:34 - Running with Spring Boot v2.1.1.RELEASE, Spring v5.1.3.RELEASE
2018-12-21 16:39:34 - No active profile set, falling back to default profiles: default
2018-12-21 16:42:21 - Starting SmartDashboardApplication on LAPTOP-083FN7VV with PID 2900 (C:\dodo_nath\smart-dashboard\target\classes started by Dodo Nath in C:\dodo_nath\smart-dashboard)
2018-12-21 16:42:21 - Running with Spring Boot v2.1.1.RELEASE, Spring v5.1.3.RELEASE
2018-12-21 16:42:21 - No active profile set, falling back to default profiles: default
2018-12-21 16:51:04 - Starting SmartDashboardApplication on LAPTOP-083FN7VV with PID 3752 (C:\dodo_nath\smart-dashboard\target\classes started by Dodo Nath in C:\dodo_nath\smart-dashboard)
2018-12-21 16:51:05 - Running with Spring Boot v2.1.1.RELEASE, Spring v5.1.3.RELEASE
2018-12-21 16:51:05 - No active profile set, falling back to default profiles: default
2018-12-21 16:53:35 - Starting SmartDashboardApplication on LAPTOP-083FN7VV with PID 10412 (C:\dodo_nath\smart-dashboard\target\classes started by Dodo Nath in C:\dodo_nath\smart-dashboard)
2018-12-21 16:53:35 - Running with Spring Boot v2.1.1.RELEASE, Spring v5.1.3.RELEASE
2018-12-21 16:53:35 - No active profile set, falling back to default profiles: default
2018-12-21 16:57:18 - Starting SmartDashboardApplication on LAPTOP-083FN7VV with PID 14648 (C:\dodo_nath\smart-dashboard\target\classes started by Dodo Nath in C:\dodo_nath\smart-dashboard)
2018-12-21 16:57:18 - Running with Spring Boot v2.1.1.RELEASE, Spring v5.1.3.RELEASE
2018-12-21 16:57:18 - No active profile set, falling back to default profiles: default
2018-12-21 16:57:29 - Started SmartDashboardApplication in 11.668 seconds (JVM running for 12.674)
2018-12-21 16:59:43 - Starting SmartDashboardApplication on LAPTOP-083FN7VV with PID 9812 (C:\dodo_nath\smart-dashboard\target\classes started by Dodo Nath in C:\dodo_nath\smart-dashboard)
2018-12-21 16:59:43 - Running with Spring Boot v2.1.1.RELEASE, Spring v5.1.3.RELEASE
2018-12-21 16:59:43 - No active profile set, falling back to default profiles: default
2018-12-21 17:01:34 - Starting SmartDashboardApplication on LAPTOP-083FN7VV with PID 16656 (C:\dodo_nath\smart-dashboard\target\classes started by Dodo Nath in C:\dodo_nath\smart-dashboard)
2018-12-21 17:01:34 - Running with Spring Boot v2.1.1.RELEASE, Spring v5.1.3.RELEASE
2018-12-21 17:01:34 - No active profile set, falling back to default profiles: default
2018-12-21 17:10:19 - Starting SmartDashboardApplication on LAPTOP-083FN7VV with PID 13396 (C:\dodo_nath\smart-dashboard\target\classes started by Dodo Nath in C:\dodo_nath\smart-dashboard)
2018-12-21 17:10:19 - Running with Spring Boot v2.1.1.RELEASE, Spring v5.1.3.RELEASE
2018-12-21 17:10:19 - No active profile set, falling back to default profiles: default
2018-12-21 17:11:23 - Starting SmartDashboardApplication on LAPTOP-083FN7VV with PID 13532 (C:\dodo_nath\smart-dashboard\target\classes started by Dodo Nath in C:\dodo_nath\smart-dashboard)
2018-12-21 17:11:23 - Running with Spring Boot v2.1.1.RELEASE, Spring v5.1.3.RELEASE
2018-12-21 17:11:23 - No active profile set, falling back to default profiles: default
2018-12-21 17:11:34 - Started SmartDashboardApplication in 11.579 seconds (JVM running for 12.514)
2018-12-21 17:12:39 - com.synthesis.migration.smartdashboard.controller.DashBoardController fetchErrorData...entering
2018-12-21 17:12:39 - com.synthesis.migration.smartdashboard.service.impl.DashBoardServiceImpl fetchErrorData...entering
2018-12-21 17:12:39 - com.synthesis.migration.smartdashboard.service.impl.DashBoardServiceImpl fetchErrorData...exiting
2018-12-21 17:12:39 - com.synthesis.migration.smartdashboard.controller.DashBoardController fetchErrorData...exiting
2018-12-21 17:14:42 - com.synthesis.migration.smartdashboard.controller.DashBoardController persistsAllData...entering
2018-12-21 17:14:42 - com.synthesis.migration.smartdashboard.service.impl.DashBoardServiceImpl persistsAllData...entering
2018-12-21 17:14:43 - com.synthesis.migration.smartdashboard.dao.csrdb.CsrRepositoryImpl getCount...entering
2018-12-21 17:14:43 - com.synthesis.migration.smartdashboard.dao.csrdb.CsrRepositoryImpl getCount...exiting
2018-12-21 17:14:43 - com.synthesis.migration.smartdashboard.dao.omniadb.OmniaRepositoryImpl getCount...entering
2018-12-21 17:14:43 - com.synthesis.migration.smartdashboard.dao.omniadb.OmniaRepositoryImpl getCount...exiting
2018-12-21 17:14:43 - com.synthesis.migration.smartdashboard.dao.rbmdb.RbmRepositoryImpl getCount...entering
2018-12-21 17:14:43 - com.synthesis.migration.smartdashboard.dao.rbmdb.RbmRepositoryImpl getCount...exiting
2018-12-21 17:14:43 - com.synthesis.migration.smartdashboard.dao.csrdb.CsrRepositoryImpl getCount...entering
2018-12-21 17:14:43 - com.synthesis.migration.smartdashboard.dao.csrdb.CsrRepositoryImpl getCount...exiting
2018-12-21 17:14:43 - com.synthesis.migration.smartdashboard.dao.omniadb.OmniaRepositoryImpl getCount...entering
2018-12-21 17:14:43 - com.synthesis.migration.smartdashboard.dao.omniadb.OmniaRepositoryImpl getCount...exiting
2018-12-21 17:14:43 - com.synthesis.migration.smartdashboard.dao.rbmdb.RbmRepositoryImpl getCount...entering
2018-12-21 17:14:43 - com.synthesis.migration.smartdashboard.dao.rbmdb.RbmRepositoryImpl getCount...exiting
2018-12-21 17:14:43 - com.synthesis.migration.smartdashboard.service.impl.DashBoardServiceImpl persistsAllData...exiting
2018-12-21 17:14:43 - com.synthesis.migration.smartdashboard.controller.DashBoardController persistsAllData...exiting
2018-12-21 17:14:52 - com.synthesis.migration.smartdashboard.controller.DashBoardController fetchErrorData...entering
2018-12-21 17:14:52 - com.synthesis.migration.smartdashboard.service.impl.DashBoardServiceImpl fetchErrorData...entering
2018-12-21 17:14:52 - com.synthesis.migration.smartdashboard.service.impl.DashBoardServiceImpl fetchErrorData...exiting
2018-12-21 17:14:52 - com.synthesis.migration.smartdashboard.controller.DashBoardController fetchErrorData...exiting
2018-12-21 17:16:59 - com.synthesis.migration.smartdashboard.controller.DashBoardController fetchErrorData...entering
2018-12-21 17:16:59 - com.synthesis.migration.smartdashboard.service.impl.DashBoardServiceImpl fetchErrorData...entering
2018-12-21 17:16:59 - com.synthesis.migration.smartdashboard.service.impl.DashBoardServiceImpl fetchErrorData...exiting
2018-12-21 17:16:59 - com.synthesis.migration.smartdashboard.controller.DashBoardController fetchErrorData...exiting
2018-12-21 17:16:59 - Oops!
org.springframework.core.convert.ConverterNotFoundException: No converter found capable of converting from type [org.springframework.data.jpa.repository.query.AbstractJpaQuery$TupleConverter$TupleBackedMap] to type [com.synthesis.migration.smartdashboard.dto.TalendErrorDetailsDto]
	at org.springframework.core.convert.support.GenericConversionService.handleConverterNotFound(GenericConversionService.java:321)
	at org.springframework.core.convert.support.GenericConversionService.convert(GenericConversionService.java:194)
	at org.springframework.core.convert.support.GenericConversionService.convert(GenericConversionService.java:174)
	at org.springframework.data.repository.query.ResultProcessor$ProjectingConverter.convert(ResultProcessor.java:293)
	at org.springframework.data.repository.query.ResultProcessor$ChainingConverter.lambda$and$0(ResultProcessor.java:213)
	at org.springframework.data.repository.query.ResultProcessor$ChainingConverter.convert(ResultProcessor.java:224)
	at java.util.stream.ReferencePipeline$3$1.accept(ReferencePipeline.java:193)
	at java.util.ArrayList$Itr.forEachRemaining(ArrayList.java:899)
	at java.util.Spliterators$IteratorSpliterator.forEachRemaining(Spliterators.java:1801)
	at java.util.stream.AbstractPipeline.copyInto(AbstractPipeline.java:481)
	at java.util.stream.AbstractPipeline.wrapAndCopyInto(AbstractPipeline.java:471)
	at java.util.stream.ReduceOps$ReduceOp.evaluateSequential(ReduceOps.java:708)
	at java.util.stream.AbstractPipeline.evaluate(AbstractPipeline.java:234)
	at java.util.stream.ReferencePipeline.collect(ReferencePipeline.java:499)
	at org.springframework.data.domain.Chunk.getConvertedContent(Chunk.java:167)
	at org.springframework.data.domain.PageImpl.map(PageImpl.java:106)
	at org.springframework.data.domain.PageImpl.map(PageImpl.java:30)
	at org.springframework.data.repository.query.ResultProcessor.processResult(ResultProcessor.java:143)
	at org.springframework.data.jpa.repository.query.AbstractJpaQuery.doExecute(AbstractJpaQuery.java:141)
	at org.springframework.data.jpa.repository.query.AbstractJpaQuery.execute(AbstractJpaQuery.java:125)
	at org.springframework.data.repository.core.support.RepositoryFactorySupport$QueryExecutorMethodInterceptor.doInvoke(RepositoryFactorySupport.java:605)
	at org.springframework.data.repository.core.support.RepositoryFactorySupport$QueryExecutorMethodInterceptor.lambda$invoke$3(RepositoryFactorySupport.java:595)
	at org.springframework.data.repository.core.support.RepositoryFactorySupport$QueryExecutorMethodInterceptor.invoke(RepositoryFactorySupport.java:595)
	at org.springframework.aop.framework.ReflectiveMethodInvocation.proceed(ReflectiveMethodInvocation.java:186)
	at org.springframework.data.projection.DefaultMethodInvokingMethodInterceptor.invoke(DefaultMethodInvokingMethodInterceptor.java:59)
	at org.springframework.aop.framework.ReflectiveMethodInvocation.proceed(ReflectiveMethodInvocation.java:186)
	at org.springframework.transaction.interceptor.TransactionAspectSupport.invokeWithinTransaction(TransactionAspectSupport.java:294)
	at org.springframework.transaction.interceptor.TransactionInterceptor.invoke(TransactionInterceptor.java:98)
	at org.springframework.aop.framework.ReflectiveMethodInvocation.proceed(ReflectiveMethodInvocation.java:186)
	at org.springframework.dao.support.PersistenceExceptionTranslationInterceptor.invoke(PersistenceExceptionTranslationInterceptor.java:139)
	at org.springframework.aop.framework.ReflectiveMethodInvocation.proceed(ReflectiveMethodInvocation.java:186)
	at org.springframework.data.jpa.repository.support.CrudMethodMetadataPostProcessor$CrudMethodMetadataPopulatingMethodInterceptor.invoke(CrudMethodMetadataPostProcessor.java:135)
	at org.springframework.aop.framework.ReflectiveMethodInvocation.proceed(ReflectiveMethodInvocation.java:186)
	at org.springframework.aop.interceptor.ExposeInvocationInterceptor.invoke(ExposeInvocationInterceptor.java:93)
	at org.springframework.aop.framework.ReflectiveMethodInvocation.proceed(ReflectiveMethodInvocation.java:186)
	at org.springframework.data.repository.core.support.SurroundingTransactionDetectorMethodInterceptor.invoke(SurroundingTransactionDetectorMethodInterceptor.java:61)
	at org.springframework.aop.framework.ReflectiveMethodInvocation.proceed(ReflectiveMethodInvocation.java:186)
	at org.springframework.aop.framework.JdkDynamicAopProxy.invoke(JdkDynamicAopProxy.java:212)
	at com.sun.proxy.$Proxy116.findErrorDetails(Unknown Source)
	at com.synthesis.migration.smartdashboard.service.impl.DashBoardServiceImpl.fetchErrorData(DashBoardServiceImpl.java:461)
	at com.synthesis.migration.smartdashboard.service.impl.DashBoardServiceImpl$$FastClassBySpringCGLIB$$dcfe6b5a.invoke(<generated>)
	at org.springframework.cglib.proxy.MethodProxy.invoke(MethodProxy.java:218)
	at org.springframework.aop.framework.CglibAopProxy$CglibMethodInvocation.invokeJoinpoint(CglibAopProxy.java:749)
	at org.springframework.aop.framework.ReflectiveMethodInvocation.proceed(ReflectiveMethodInvocation.java:163)
	at org.springframework.aop.framework.adapter.MethodBeforeAdviceInterceptor.invoke(MethodBeforeAdviceInterceptor.java:56)
	at org.springframework.aop.framework.ReflectiveMethodInvocation.proceed(ReflectiveMethodInvocation.java:186)
	at org.springframework.aop.aspectj.AspectJAfterAdvice.invoke(AspectJAfterAdvice.java:47)
	at org.springframework.aop.framework.ReflectiveMethodInvocation.proceed(ReflectiveMethodInvocation.java:186)
	at org.springframework.transaction.interceptor.TransactionAspectSupport.invokeWithinTransaction(TransactionAspectSupport.java:294)
	at org.springframework.transaction.interceptor.TransactionInterceptor.invoke(TransactionInterceptor.java:98)
	at org.springframework.aop.framework.ReflectiveMethodInvocation.proceed(ReflectiveMethodInvocation.java:186)
	at org.springframework.aop.interceptor.ExposeInvocationInterceptor.invoke(ExposeInvocationInterceptor.java:93)
	at org.springframework.aop.framework.ReflectiveMethodInvocation.proceed(ReflectiveMethodInvocation.java:186)
	at org.springframework.aop.framework.CglibAopProxy$DynamicAdvisedInterceptor.intercept(CglibAopProxy.java:688)
	at com.synthesis.migration.smartdashboard.service.impl.DashBoardServiceImpl$$EnhancerBySpringCGLIB$$4461593f.fetchErrorData(<generated>)
	at com.synthesis.migration.smartdashboard.controller.DashBoardController.fetchErrorData(DashBoardController.java:57)
	at com.synthesis.migration.smartdashboard.controller.DashBoardController$$FastClassBySpringCGLIB$$f320d77a.invoke(<generated>)
	at org.springframework.cglib.proxy.MethodProxy.invoke(MethodProxy.java:218)
	at org.springframework.aop.framework.CglibAopProxy$CglibMethodInvocation.invokeJoinpoint(CglibAopProxy.java:749)
	at org.springframework.aop.framework.ReflectiveMethodInvocation.proceed(ReflectiveMethodInvocation.java:163)
	at org.springframework.aop.framework.adapter.MethodBeforeAdviceInterceptor.invoke(MethodBeforeAdviceInterceptor.java:56)
	at org.springframework.aop.framework.ReflectiveMethodInvocation.proceed(ReflectiveMethodInvocation.java:186)
	at org.springframework.aop.aspectj.AspectJAfterAdvice.invoke(AspectJAfterAdvice.java:47)
	at org.springframework.aop.framework.ReflectiveMethodInvocation.proceed(ReflectiveMethodInvocation.java:186)
	at org.springframework.aop.interceptor.ExposeInvocationInterceptor.invoke(ExposeInvocationInterceptor.java:93)
	at org.springframework.aop.framework.ReflectiveMethodInvocation.proceed(ReflectiveMethodInvocation.java:186)
	at org.springframework.aop.framework.CglibAopProxy$DynamicAdvisedInterceptor.intercept(CglibAopProxy.java:688)
	at com.synthesis.migration.smartdashboard.controller.DashBoardController$$EnhancerBySpringCGLIB$$43235536.fetchErrorData(<generated>)
	at sun.reflect.NativeMethodAccessorImpl.invoke0(Native Method)
	at sun.reflect.NativeMethodAccessorImpl.invoke(NativeMethodAccessorImpl.java:62)
	at sun.reflect.DelegatingMethodAccessorImpl.invoke(DelegatingMethodAccessorImpl.java:43)
	at java.lang.reflect.Method.invoke(Method.java:498)
	at org.springframework.web.method.support.InvocableHandlerMethod.doInvoke(InvocableHandlerMethod.java:189)
	at org.springframework.web.method.support.InvocableHandlerMethod.invokeForRequest(InvocableHandlerMethod.java:138)
	at org.springframework.web.servlet.mvc.method.annotation.ServletInvocableHandlerMethod.invokeAndHandle(ServletInvocableHandlerMethod.java:102)
	at org.springframework.web.servlet.mvc.method.annotation.RequestMappingHandlerAdapter.invokeHandlerMethod(RequestMappingHandlerAdapter.java:895)
	at org.springframework.web.servlet.mvc.method.annotation.RequestMappingHandlerAdapter.handleInternal(RequestMappingHandlerAdapter.java:800)
	at org.springframework.web.servlet.mvc.method.AbstractHandlerMethodAdapter.handle(AbstractHandlerMethodAdapter.java:87)
	at org.springframework.web.servlet.DispatcherServlet.doDispatch(DispatcherServlet.java:1038)
	at org.springframework.web.servlet.DispatcherServlet.doService(DispatcherServlet.java:942)
	at org.springframework.web.servlet.FrameworkServlet.processRequest(FrameworkServlet.java:1005)
	at org.springframework.web.servlet.FrameworkServlet.doPost(FrameworkServlet.java:908)
	at javax.servlet.http.HttpServlet.service(HttpServlet.java:660)
	at org.springframework.web.servlet.FrameworkServlet.service(FrameworkServlet.java:882)
	at javax.servlet.http.HttpServlet.service(HttpServlet.java:741)
	at org.apache.catalina.core.ApplicationFilterChain.internalDoFilter(ApplicationFilterChain.java:231)
	at org.apache.catalina.core.ApplicationFilterChain.doFilter(ApplicationFilterChain.java:166)
	at org.apache.tomcat.websocket.server.WsFilter.doFilter(WsFilter.java:53)
	at org.apache.catalina.core.ApplicationFilterChain.internalDoFilter(ApplicationFilterChain.java:193)
	at org.apache.catalina.core.ApplicationFilterChain.doFilter(ApplicationFilterChain.java:166)
	at org.springframework.web.filter.RequestContextFilter.doFilterInternal(RequestContextFilter.java:99)
	at org.springframework.web.filter.OncePerRequestFilter.doFilter(OncePerRequestFilter.java:107)
	at org.apache.catalina.core.ApplicationFilterChain.internalDoFilter(ApplicationFilterChain.java:193)
	at org.apache.catalina.core.ApplicationFilterChain.doFilter(ApplicationFilterChain.java:166)
	at org.springframework.web.filter.FormContentFilter.doFilterInternal(FormContentFilter.java:92)
	at org.springframework.web.filter.OncePerRequestFilter.doFilter(OncePerRequestFilter.java:107)
	at org.apache.catalina.core.ApplicationFilterChain.internalDoFilter(ApplicationFilterChain.java:193)
	at org.apache.catalina.core.ApplicationFilterChain.doFilter(ApplicationFilterChain.java:166)
	at org.springframework.web.filter.HiddenHttpMethodFilter.doFilterInternal(HiddenHttpMethodFilter.java:93)
	at org.springframework.web.filter.OncePerRequestFilter.doFilter(OncePerRequestFilter.java:107)
	at org.apache.catalina.core.ApplicationFilterChain.internalDoFilter(ApplicationFilterChain.java:193)
	at org.apache.catalina.core.ApplicationFilterChain.doFilter(ApplicationFilterChain.java:166)
	at org.springframework.web.filter.CharacterEncodingFilter.doFilterInternal(CharacterEncodingFilter.java:200)
	at org.springframework.web.filter.OncePerRequestFilter.doFilter(OncePerRequestFilter.java:107)
	at org.apache.catalina.core.ApplicationFilterChain.internalDoFilter(ApplicationFilterChain.java:193)
	at org.apache.catalina.core.ApplicationFilterChain.doFilter(ApplicationFilterChain.java:166)
	at org.apache.catalina.core.StandardWrapperValve.invoke(StandardWrapperValve.java:199)
	at org.apache.catalina.core.StandardContextValve.invoke(StandardContextValve.java:96)
	at org.apache.catalina.authenticator.AuthenticatorBase.invoke(AuthenticatorBase.java:490)
	at org.apache.catalina.core.StandardHostValve.invoke(StandardHostValve.java:139)
	at org.apache.catalina.valves.ErrorReportValve.invoke(ErrorReportValve.java:92)
	at org.apache.catalina.core.StandardEngineValve.invoke(StandardEngineValve.java:74)
	at org.apache.catalina.connector.CoyoteAdapter.service(CoyoteAdapter.java:343)
	at org.apache.coyote.http11.Http11Processor.service(Http11Processor.java:408)
	at org.apache.coyote.AbstractProcessorLight.process(AbstractProcessorLight.java:66)
	at org.apache.coyote.AbstractProtocol$ConnectionHandler.process(AbstractProtocol.java:791)
	at org.apache.tomcat.util.net.NioEndpoint$SocketProcessor.doRun(NioEndpoint.java:1417)
	at org.apache.tomcat.util.net.SocketProcessorBase.run(SocketProcessorBase.java:49)
	at java.util.concurrent.ThreadPoolExecutor.runWorker(ThreadPoolExecutor.java:1149)
	at java.util.concurrent.ThreadPoolExecutor$Worker.run(ThreadPoolExecutor.java:624)
	at org.apache.tomcat.util.threads.TaskThread$WrappingRunnable.run(TaskThread.java:61)
	at java.lang.Thread.run(Thread.java:748)
2018-12-21 17:25:12 - Starting SmartDashboardApplication on LAPTOP-083FN7VV with PID 13532 (C:\dodo_nath\smart-dashboard\target\classes started by Dodo Nath in C:\dodo_nath\smart-dashboard)
2018-12-21 17:25:12 - Running with Spring Boot v2.1.1.RELEASE, Spring v5.1.3.RELEASE
2018-12-21 17:25:12 - No active profile set, falling back to default profiles: default
2018-12-21 17:25:15 - Started SmartDashboardApplication in 3.245 seconds (JVM running for 833.441)
2018-12-21 17:25:33 - Starting SmartDashboardApplication on LAPTOP-083FN7VV with PID 13532 (C:\dodo_nath\smart-dashboard\target\classes started by Dodo Nath in C:\dodo_nath\smart-dashboard)
2018-12-21 17:25:33 - Running with Spring Boot v2.1.1.RELEASE, Spring v5.1.3.RELEASE
2018-12-21 17:25:33 - No active profile set, falling back to default profiles: default
2018-12-21 17:25:36 - Started SmartDashboardApplication in 2.92 seconds (JVM running for 854.048)
2018-12-21 17:25:47 - Starting SmartDashboardApplication on LAPTOP-083FN7VV with PID 13532 (C:\dodo_nath\smart-dashboard\target\classes started by Dodo Nath in C:\dodo_nath\smart-dashboard)
2018-12-21 17:25:47 - Running with Spring Boot v2.1.1.RELEASE, Spring v5.1.3.RELEASE
2018-12-21 17:25:47 - No active profile set, falling back to default profiles: default
2018-12-21 17:25:57 - Starting SmartDashboardApplication on LAPTOP-083FN7VV with PID 7560 (C:\dodo_nath\smart-dashboard\target\classes started by Dodo Nath in C:\dodo_nath\smart-dashboard)
2018-12-21 17:25:57 - Running with Spring Boot v2.1.1.RELEASE, Spring v5.1.3.RELEASE
2018-12-21 17:25:57 - No active profile set, falling back to default profiles: default
2018-12-21 17:26:07 - Started SmartDashboardApplication in 10.793 seconds (JVM running for 12.055)
2018-12-21 17:26:15 - com.synthesis.migration.smartdashboard.controller.DashBoardController persistsAllData...entering
2018-12-21 17:26:15 - com.synthesis.migration.smartdashboard.service.impl.DashBoardServiceImpl persistsAllData...entering
2018-12-21 17:26:15 - com.synthesis.migration.smartdashboard.dao.csrdb.CsrRepositoryImpl getCount...entering
2018-12-21 17:26:16 - com.synthesis.migration.smartdashboard.dao.csrdb.CsrRepositoryImpl getCount...exiting
2018-12-21 17:26:16 - com.synthesis.migration.smartdashboard.dao.omniadb.OmniaRepositoryImpl getCount...entering
2018-12-21 17:26:16 - com.synthesis.migration.smartdashboard.dao.omniadb.OmniaRepositoryImpl getCount...exiting
2018-12-21 17:26:16 - com.synthesis.migration.smartdashboard.dao.rbmdb.RbmRepositoryImpl getCount...entering
2018-12-21 17:26:16 - com.synthesis.migration.smartdashboard.dao.rbmdb.RbmRepositoryImpl getCount...exiting
2018-12-21 17:26:16 - com.synthesis.migration.smartdashboard.dao.csrdb.CsrRepositoryImpl getCount...entering
2018-12-21 17:26:16 - com.synthesis.migration.smartdashboard.dao.csrdb.CsrRepositoryImpl getCount...exiting
2018-12-21 17:26:16 - com.synthesis.migration.smartdashboard.dao.omniadb.OmniaRepositoryImpl getCount...entering
2018-12-21 17:26:16 - com.synthesis.migration.smartdashboard.dao.omniadb.OmniaRepositoryImpl getCount...exiting
2018-12-21 17:26:16 - com.synthesis.migration.smartdashboard.dao.rbmdb.RbmRepositoryImpl getCount...entering
2018-12-21 17:26:16 - com.synthesis.migration.smartdashboard.dao.rbmdb.RbmRepositoryImpl getCount...exiting
2018-12-21 17:26:16 - com.synthesis.migration.smartdashboard.service.impl.DashBoardServiceImpl persistsAllData...exiting
2018-12-21 17:26:16 - com.synthesis.migration.smartdashboard.controller.DashBoardController persistsAllData...exiting
2018-12-21 17:26:22 - com.synthesis.migration.smartdashboard.controller.DashBoardController fetchErrorData...entering
2018-12-21 17:26:22 - com.synthesis.migration.smartdashboard.service.impl.DashBoardServiceImpl fetchErrorData...entering
2018-12-21 17:26:22 - com.synthesis.migration.smartdashboard.service.impl.DashBoardServiceImpl fetchErrorData...exiting
2018-12-21 17:26:22 - com.synthesis.migration.smartdashboard.controller.DashBoardController fetchErrorData...exiting
