2018-12-26 11:23:54 - Starting SmartDashboardApplication on LAPTOP-083FN7VV with PID 7944 (C:\dodo_nath\smart-dashboard\target\classes started by Dodo Nath in C:\dodo_nath\smart-dashboard)
2018-12-26 11:23:54 - Running with Spring Boot v2.1.1.RELEASE, Spring v5.1.3.RELEASE
2018-12-26 11:23:54 - No active profile set, falling back to default profiles: default
2018-12-26 11:24:13 - Started SmartDashboardApplication in 19.246 seconds (JVM running for 20.303)
2018-12-26 11:24:39 - com.synthesis.migration.smartdashboard.controller.DashBoardController persistsAllData...entering
2018-12-26 11:24:39 - com.synthesis.migration.smartdashboard.service.impl.DashBoardServiceImpl persistsAllData...entering
2018-12-26 11:24:40 - com.synthesis.migration.smartdashboard.dao.csrdb.CsrRepositoryImpl getCount...entering
2018-12-26 11:24:40 - com.synthesis.migration.smartdashboard.dao.csrdb.CsrRepositoryImpl getCount...exiting
2018-12-26 11:24:40 - com.synthesis.migration.smartdashboard.dao.omniadb.OmniaRepositoryImpl getCount...entering
2018-12-26 11:24:40 - com.synthesis.migration.smartdashboard.dao.omniadb.OmniaRepositoryImpl getCount...exiting
2018-12-26 11:24:40 - com.synthesis.migration.smartdashboard.dao.rbmdb.RbmRepositoryImpl getCount...entering
2018-12-26 11:24:40 - com.synthesis.migration.smartdashboard.dao.rbmdb.RbmRepositoryImpl getCount...exiting
2018-12-26 11:24:40 - com.synthesis.migration.smartdashboard.dao.csrdb.CsrRepositoryImpl getCount...entering
2018-12-26 11:24:40 - com.synthesis.migration.smartdashboard.dao.csrdb.CsrRepositoryImpl getCount...exiting
2018-12-26 11:24:40 - com.synthesis.migration.smartdashboard.dao.omniadb.OmniaRepositoryImpl getCount...entering
2018-12-26 11:24:40 - com.synthesis.migration.smartdashboard.dao.omniadb.OmniaRepositoryImpl getCount...exiting
2018-12-26 11:24:40 - com.synthesis.migration.smartdashboard.dao.rbmdb.RbmRepositoryImpl getCount...entering
2018-12-26 11:24:40 - com.synthesis.migration.smartdashboard.dao.rbmdb.RbmRepositoryImpl getCount...exiting
2018-12-26 11:24:41 - com.synthesis.migration.smartdashboard.service.impl.DashBoardServiceImpl persistsAllData...exiting
2018-12-26 11:24:41 - com.synthesis.migration.smartdashboard.controller.DashBoardController persistsAllData...exiting
2018-12-26 11:25:21 - com.synthesis.migration.smartdashboard.controller.DashBoardController fetchErrorData...entering
2018-12-26 11:25:21 - com.synthesis.migration.smartdashboard.service.impl.DashBoardServiceImpl fetchErrorData...entering
2018-12-26 11:25:21 - com.synthesis.migration.smartdashboard.service.impl.DashBoardServiceImpl fetchErrorData...exiting
2018-12-26 11:25:21 - com.synthesis.migration.smartdashboard.controller.DashBoardController fetchErrorData...exiting
2018-12-26 14:31:20 - Starting SmartDashboardApplication on LAPTOP-083FN7VV with PID 7016 (C:\dodo_nath\smart-dashboard\target\classes started by Dodo Nath in C:\dodo_nath\smart-dashboard)
2018-12-26 14:31:20 - Running with Spring Boot v2.1.1.RELEASE, Spring v5.1.3.RELEASE
2018-12-26 14:31:20 - No active profile set, falling back to default profiles: default
2018-12-26 14:31:31 - Started SmartDashboardApplication in 11.186 seconds (JVM running for 12.086)
2018-12-26 14:31:53 - com.synthesis.migration.smartdashboard.controller.DashBoardController persistsAllData...entering
2018-12-26 14:31:53 - com.synthesis.migration.smartdashboard.service.impl.DashBoardServiceImpl persistsAllData...entering
2018-12-26 14:31:54 - com.synthesis.migration.smartdashboard.dao.csrdb.CsrRepositoryImpl getCount...entering
2018-12-26 14:31:54 - com.synthesis.migration.smartdashboard.dao.csrdb.CsrRepositoryImpl getCount...exiting
2018-12-26 14:31:54 - com.synthesis.migration.smartdashboard.dao.omniadb.OmniaRepositoryImpl getCount...entering
2018-12-26 14:31:54 - com.synthesis.migration.smartdashboard.dao.omniadb.OmniaRepositoryImpl getCount...exiting
2018-12-26 14:31:54 - com.synthesis.migration.smartdashboard.dao.rbmdb.RbmRepositoryImpl getCount...entering
2018-12-26 14:31:54 - com.synthesis.migration.smartdashboard.dao.rbmdb.RbmRepositoryImpl getCount...exiting
2018-12-26 14:31:54 - com.synthesis.migration.smartdashboard.dao.csrdb.CsrRepositoryImpl getCount...entering
2018-12-26 14:31:54 - com.synthesis.migration.smartdashboard.dao.csrdb.CsrRepositoryImpl getCount...exiting
2018-12-26 14:31:54 - com.synthesis.migration.smartdashboard.dao.omniadb.OmniaRepositoryImpl getCount...entering
2018-12-26 14:31:54 - com.synthesis.migration.smartdashboard.dao.omniadb.OmniaRepositoryImpl getCount...exiting
2018-12-26 14:31:54 - com.synthesis.migration.smartdashboard.dao.rbmdb.RbmRepositoryImpl getCount...entering
2018-12-26 14:31:54 - com.synthesis.migration.smartdashboard.dao.rbmdb.RbmRepositoryImpl getCount...exiting
2018-12-26 14:31:54 - com.synthesis.migration.smartdashboard.service.impl.DashBoardServiceImpl persistsAllData...exiting
2018-12-26 14:31:54 - com.synthesis.migration.smartdashboard.controller.DashBoardController persistsAllData...exiting
2018-12-26 14:32:29 - com.synthesis.migration.smartdashboard.controller.DashBoardController downloadErrorData...entering
2018-12-26 14:32:29 - com.synthesis.migration.smartdashboard.service.impl.DashBoardServiceImpl fetchErrorData...entering
2018-12-26 14:32:29 - com.synthesis.migration.smartdashboard.service.impl.DashBoardServiceImpl fetchErrorData...exiting
2018-12-26 14:32:29 - com.synthesis.migration.smartdashboard.controller.DashBoardController downloadErrorData...exiting
2018-12-26 14:33:30 - Starting SmartDashboardApplication on LAPTOP-083FN7VV with PID 7016 (C:\dodo_nath\smart-dashboard\target\classes started by Dodo Nath in C:\dodo_nath\smart-dashboard)
2018-12-26 14:33:30 - Running with Spring Boot v2.1.1.RELEASE, Spring v5.1.3.RELEASE
2018-12-26 14:33:30 - No active profile set, falling back to default profiles: default
2018-12-26 14:33:34 - Started SmartDashboardApplication in 4.081 seconds (JVM running for 135.113)
2018-12-26 14:33:43 - Starting SmartDashboardApplication on LAPTOP-083FN7VV with PID 9004 (C:\dodo_nath\smart-dashboard\target\classes started by Dodo Nath in C:\dodo_nath\smart-dashboard)
2018-12-26 14:33:43 - Running with Spring Boot v2.1.1.RELEASE, Spring v5.1.3.RELEASE
2018-12-26 14:33:43 - No active profile set, falling back to default profiles: default
2018-12-26 14:33:55 - Started SmartDashboardApplication in 11.74 seconds (JVM running for 12.93)
2018-12-26 14:34:26 - com.synthesis.migration.smartdashboard.controller.DashBoardController persistsAllData...entering
2018-12-26 14:34:26 - com.synthesis.migration.smartdashboard.service.impl.DashBoardServiceImpl persistsAllData...entering
2018-12-26 14:34:27 - com.synthesis.migration.smartdashboard.dao.csrdb.CsrRepositoryImpl getCount...entering
2018-12-26 14:34:27 - com.synthesis.migration.smartdashboard.dao.csrdb.CsrRepositoryImpl getCount...exiting
2018-12-26 14:34:27 - com.synthesis.migration.smartdashboard.dao.omniadb.OmniaRepositoryImpl getCount...entering
2018-12-26 14:34:27 - com.synthesis.migration.smartdashboard.dao.omniadb.OmniaRepositoryImpl getCount...exiting
2018-12-26 14:34:27 - com.synthesis.migration.smartdashboard.dao.rbmdb.RbmRepositoryImpl getCount...entering
2018-12-26 14:34:27 - com.synthesis.migration.smartdashboard.dao.rbmdb.RbmRepositoryImpl getCount...exiting
2018-12-26 14:34:27 - com.synthesis.migration.smartdashboard.dao.csrdb.CsrRepositoryImpl getCount...entering
2018-12-26 14:34:27 - com.synthesis.migration.smartdashboard.dao.csrdb.CsrRepositoryImpl getCount...exiting
2018-12-26 14:34:27 - com.synthesis.migration.smartdashboard.dao.omniadb.OmniaRepositoryImpl getCount...entering
2018-12-26 14:34:27 - com.synthesis.migration.smartdashboard.dao.omniadb.OmniaRepositoryImpl getCount...exiting
2018-12-26 14:34:27 - com.synthesis.migration.smartdashboard.dao.rbmdb.RbmRepositoryImpl getCount...entering
2018-12-26 14:34:27 - com.synthesis.migration.smartdashboard.dao.rbmdb.RbmRepositoryImpl getCount...exiting
2018-12-26 14:34:27 - com.synthesis.migration.smartdashboard.service.impl.DashBoardServiceImpl persistsAllData...exiting
2018-12-26 14:34:27 - com.synthesis.migration.smartdashboard.controller.DashBoardController persistsAllData...exiting
2018-12-26 14:34:36 - com.synthesis.migration.smartdashboard.controller.DashBoardController downloadErrorData...entering
2018-12-26 14:34:36 - com.synthesis.migration.smartdashboard.service.impl.DashBoardServiceImpl fetchErrorData...entering
2018-12-26 14:34:36 - com.synthesis.migration.smartdashboard.service.impl.DashBoardServiceImpl fetchErrorData...exiting
2018-12-26 14:34:36 - com.synthesis.migration.smartdashboard.controller.DashBoardController downloadErrorData...exiting
2018-12-26 14:37:01 - Starting SmartDashboardApplication on LAPTOP-083FN7VV with PID 9004 (C:\dodo_nath\smart-dashboard\target\classes started by Dodo Nath in C:\dodo_nath\smart-dashboard)
2018-12-26 14:37:01 - Running with Spring Boot v2.1.1.RELEASE, Spring v5.1.3.RELEASE
2018-12-26 14:37:01 - No active profile set, falling back to default profiles: default
2018-12-26 14:37:43 - Starting SmartDashboardApplication on LAPTOP-083FN7VV with PID 12164 (C:\dodo_nath\smart-dashboard\target\classes started by Dodo Nath in C:\dodo_nath\smart-dashboard)
2018-12-26 14:37:43 - Running with Spring Boot v2.1.1.RELEASE, Spring v5.1.3.RELEASE
2018-12-26 14:37:43 - No active profile set, falling back to default profiles: default
2018-12-26 14:37:53 - Started SmartDashboardApplication in 11.088 seconds (JVM running for 12.032)
2018-12-26 14:38:05 - com.synthesis.migration.smartdashboard.controller.DashBoardController persistsAllData...entering
2018-12-26 14:38:05 - com.synthesis.migration.smartdashboard.service.impl.DashBoardServiceImpl persistsAllData...entering
2018-12-26 14:38:05 - com.synthesis.migration.smartdashboard.dao.csrdb.CsrRepositoryImpl getCount...entering
2018-12-26 14:38:05 - com.synthesis.migration.smartdashboard.dao.csrdb.CsrRepositoryImpl getCount...exiting
2018-12-26 14:38:06 - com.synthesis.migration.smartdashboard.dao.omniadb.OmniaRepositoryImpl getCount...entering
2018-12-26 14:38:06 - com.synthesis.migration.smartdashboard.dao.omniadb.OmniaRepositoryImpl getCount...exiting
2018-12-26 14:38:06 - com.synthesis.migration.smartdashboard.dao.rbmdb.RbmRepositoryImpl getCount...entering
2018-12-26 14:38:06 - com.synthesis.migration.smartdashboard.dao.rbmdb.RbmRepositoryImpl getCount...exiting
2018-12-26 14:38:06 - com.synthesis.migration.smartdashboard.dao.csrdb.CsrRepositoryImpl getCount...entering
2018-12-26 14:38:06 - com.synthesis.migration.smartdashboard.dao.csrdb.CsrRepositoryImpl getCount...exiting
2018-12-26 14:38:06 - com.synthesis.migration.smartdashboard.dao.omniadb.OmniaRepositoryImpl getCount...entering
2018-12-26 14:38:06 - com.synthesis.migration.smartdashboard.dao.omniadb.OmniaRepositoryImpl getCount...exiting
2018-12-26 14:38:06 - com.synthesis.migration.smartdashboard.dao.rbmdb.RbmRepositoryImpl getCount...entering
2018-12-26 14:38:06 - com.synthesis.migration.smartdashboard.dao.rbmdb.RbmRepositoryImpl getCount...exiting
2018-12-26 14:38:06 - com.synthesis.migration.smartdashboard.service.impl.DashBoardServiceImpl persistsAllData...exiting
2018-12-26 14:38:06 - com.synthesis.migration.smartdashboard.controller.DashBoardController persistsAllData...exiting
2018-12-26 14:38:12 - com.synthesis.migration.smartdashboard.controller.DashBoardController downloadErrorData...entering
2018-12-26 14:38:12 - com.synthesis.migration.smartdashboard.service.impl.DashBoardServiceImpl fetchErrorData...entering
2018-12-26 14:38:12 - com.synthesis.migration.smartdashboard.service.impl.DashBoardServiceImpl fetchErrorData...exiting
2018-12-26 14:38:12 - com.synthesis.migration.smartdashboard.controller.DashBoardController downloadErrorData...exiting
2018-12-26 14:43:37 - Starting SmartDashboardApplication on LAPTOP-083FN7VV with PID 14656 (C:\dodo_nath\smart-dashboard\target\classes started by Dodo Nath in C:\dodo_nath\smart-dashboard)
2018-12-26 14:43:37 - Running with Spring Boot v2.1.1.RELEASE, Spring v5.1.3.RELEASE
2018-12-26 14:43:37 - No active profile set, falling back to default profiles: default
2018-12-26 14:43:47 - Started SmartDashboardApplication in 10.383 seconds (JVM running for 11.209)
2018-12-26 14:43:56 - com.synthesis.migration.smartdashboard.controller.DashBoardController persistsAllData...entering
2018-12-26 14:43:56 - com.synthesis.migration.smartdashboard.service.impl.DashBoardServiceImpl persistsAllData...entering
2018-12-26 14:43:56 - com.synthesis.migration.smartdashboard.dao.csrdb.CsrRepositoryImpl getCount...entering
2018-12-26 14:43:56 - com.synthesis.migration.smartdashboard.dao.csrdb.CsrRepositoryImpl getCount...exiting
2018-12-26 14:43:56 - com.synthesis.migration.smartdashboard.dao.omniadb.OmniaRepositoryImpl getCount...entering
2018-12-26 14:43:56 - com.synthesis.migration.smartdashboard.dao.omniadb.OmniaRepositoryImpl getCount...exiting
2018-12-26 14:43:56 - com.synthesis.migration.smartdashboard.dao.rbmdb.RbmRepositoryImpl getCount...entering
2018-12-26 14:43:56 - com.synthesis.migration.smartdashboard.dao.rbmdb.RbmRepositoryImpl getCount...exiting
2018-12-26 14:43:56 - com.synthesis.migration.smartdashboard.dao.csrdb.CsrRepositoryImpl getCount...entering
2018-12-26 14:43:56 - com.synthesis.migration.smartdashboard.dao.csrdb.CsrRepositoryImpl getCount...exiting
2018-12-26 14:43:56 - com.synthesis.migration.smartdashboard.dao.omniadb.OmniaRepositoryImpl getCount...entering
2018-12-26 14:43:56 - com.synthesis.migration.smartdashboard.dao.omniadb.OmniaRepositoryImpl getCount...exiting
2018-12-26 14:43:56 - com.synthesis.migration.smartdashboard.dao.rbmdb.RbmRepositoryImpl getCount...entering
2018-12-26 14:43:56 - com.synthesis.migration.smartdashboard.dao.rbmdb.RbmRepositoryImpl getCount...exiting
2018-12-26 14:43:57 - com.synthesis.migration.smartdashboard.service.impl.DashBoardServiceImpl persistsAllData...exiting
2018-12-26 14:43:57 - com.synthesis.migration.smartdashboard.controller.DashBoardController persistsAllData...exiting
2018-12-26 14:44:02 - com.synthesis.migration.smartdashboard.controller.DashBoardController downloadErrorData...entering
2018-12-26 14:44:02 - com.synthesis.migration.smartdashboard.service.impl.DashBoardServiceImpl fetchErrorData...entering
2018-12-26 14:44:02 - com.synthesis.migration.smartdashboard.service.impl.DashBoardServiceImpl fetchErrorData...exiting
2018-12-26 14:44:02 - com.synthesis.migration.smartdashboard.controller.DashBoardController downloadErrorData...exiting
